<?xml version="1.0" encoding="UTF-8"?>
<!-- Generated by org.testng.reporters.JUnitXMLReporter -->
<testsuite hostname="ARUNKARTHIKEYAN" name="Default test" tests="3" failures="0" timestamp="12 May 2017 06:00:06 GMT" time="0.802" errors="0">
  <testcase name="testcase_A1" time="0.012" classname="com.testproject.suiteA.Testcase_A1"/>
  <testcase name="testcase_A1" time="0.002" classname="com.testproject.suiteA.Testcase_A1">
    <skipped/>
  </testcase> <!-- testcase_A1 -->
  <testcase name="testcase_A1" time="0.001" classname="com.testproject.suiteA.Testcase_A1"/>
</testsuite> <!-- Default test -->
