<?xml version="1.0" encoding="UTF-8"?>
<testsuite name="Test A4"
           tests="3"
           failures="0"
           errors="0"
           skipped="3"
           time="0.001">
  <properties />
  
            <testcase name="checkTestSkip" time="0.0" classname="com.testproject.suiteA.Testcase_A4">
          <skipped />
    </testcase>
            <testcase name="testcasereporter" time="0.0" classname="com.testproject.suiteA.Testcase_A4">
          <skipped />
    </testcase>
            <testcase name="testcase_A4" time="0.0" classname="com.testproject.suiteA.Testcase_A4">
          <skipped />
    </testcase>
  
  
</testsuite>
