<?xml version="1.0" encoding="UTF-8"?>
<!-- Generated by org.testng.reporters.JUnitXMLReporter -->
<testsuite hostname="ARUNKARTHIKEYAN" name="Test A4" tests="1" failures="0" timestamp="13 Jan 2018 23:56:33 GMT" time="0.012" errors="0">
  <testcase name="@BeforeTest checkTestSkip" time="0.0" classname="com.testproject.suiteA.Testcase_A4">
    <skipped/>
  </testcase> <!-- @BeforeTest checkTestSkip -->
  <testcase name="@AfterTest testcasereporter" time="0.0" classname="com.testproject.suiteA.Testcase_A4">
    <skipped/>
  </testcase> <!-- @AfterTest testcasereporter -->
  <testcase name="testcase_A4" time="0.002" classname="com.testproject.suiteA.Testcase_A4">
    <skipped/>
  </testcase> <!-- testcase_A4 -->
</testsuite> <!-- Test A4 -->
