<?xml version="1.0" encoding="UTF-8"?>
<!-- Generated by org.testng.reporters.JUnitXMLReporter -->
<testsuite hostname="ARUNKARTHIKEYAN" name="Test A1" tests="3" failures="0" timestamp="13 Jan 2018 23:56:33 GMT" time="2.265" errors="0">
  <testcase name="testcase_A1" time="0.015" classname="com.testproject.suiteA.Testcase_A1"/>
  <testcase name="testcase_A1" time="0.002" classname="com.testproject.suiteA.Testcase_A1">
    <skipped/>
  </testcase> <!-- testcase_A1 -->
  <testcase name="testcase_A1" time="0.003" classname="com.testproject.suiteA.Testcase_A1"/>
</testsuite> <!-- Test A1 -->
